{"level":"error","message":"Failed to connect to MongoDB: Could not connect to any servers in your MongoDB Atlas cluster. One common reason is that you're trying to access the database from an IP that isn't whitelisted. Make sure your current IP address is on your Atlas cluster's IP whitelist: https://www.mongodb.com/docs/atlas/security-whitelist/","service":"hotel-management-api","timestamp":"2026-01-01 17:07:15"}
{"level":"error","message":"Email server connection failed:","service":"hotel-management-api","timestamp":"2026-01-01 17:10:31"}
{"level":"error","message":"Uncaught Exception: server is not defined","service":"hotel-management-api","stack":"ReferenceError: server is not defined\n    at gracefulShutdown (E:\\Compony_projects\\core\\backend\\server.js:13:3)\n    at process.<anonymous> (E:\\Compony_projects\\core\\backend\\server.js:24:28)\n    at process.emit (node:events:518:28)","timestamp":"2026-01-01 17:20:07"}
{"level":"error","message":"Email server connection failed:","service":"hotel-management-api","timestamp":"2026-01-01 17:20:11"}
{"level":"error","message":"Uncaught Exception: server is not defined","service":"hotel-management-api","stack":"ReferenceError: server is not defined\n    at gracefulShutdown (E:\\Compony_projects\\core\\backend\\server.js:13:3)\n    at process.<anonymous> (E:\\Compony_projects\\core\\backend\\server.js:24:28)\n    at process.emit (node:events:518:28)","timestamp":"2026-01-01 17:29:22"}
{"level":"error","message":"Email server connection failed:","service":"hotel-management-api","timestamp":"2026-01-01 17:29:27"}
{"level":"error","message":"Uncaught Exception: server is not defined","service":"hotel-management-api","stack":"ReferenceError: server is not defined\n    at gracefulShutdown (E:\\Compony_projects\\core\\backend\\server.js:13:3)\n    at process.<anonymous> (E:\\Compony_projects\\core\\backend\\server.js:24:28)\n    at process.emit (node:events:518:28)","timestamp":"2026-01-01 17:33:14"}
{"level":"error","message":"Email server connection failed:","service":"hotel-management-api","timestamp":"2026-01-01 17:33:18"}
{"level":"error","message":"Uncaught Exception: server is not defined","service":"hotel-management-api","stack":"ReferenceError: server is not defined\n    at gracefulShutdown (E:\\Compony_projects\\core\\backend\\server.js:13:3)\n    at process.<anonymous> (E:\\Compony_projects\\core\\backend\\server.js:24:28)\n    at process.emit (node:events:518:28)","timestamp":"2026-01-02 13:03:13"}
{"level":"error","message":"Email server connection failed:","service":"hotel-management-api","timestamp":"2026-01-02 13:03:23"}
{"level":"error","message":"Uncaught Exception: server is not defined","service":"hotel-management-api","stack":"ReferenceError: server is not defined\n    at gracefulShutdown (E:\\Compony_projects\\core\\backend\\server.js:13:3)\n    at process.<anonymous> (E:\\Compony_projects\\core\\backend\\server.js:24:28)\n    at process.emit (node:events:518:28)","timestamp":"2026-01-02 17:52:24"}
{"level":"error","message":"Email server connection failed:","service":"hotel-management-api","timestamp":"2026-01-02 17:52:29"}
{"level":"error","message":"Uncaught Exception: server is not defined","service":"hotel-management-api","stack":"ReferenceError: server is not defined\n    at gracefulShutdown (E:\\Compony_projects\\core\\backend\\server.js:13:3)\n    at process.<anonymous> (E:\\Compony_projects\\core\\backend\\server.js:24:28)\n    at process.emit (node:events:518:28)","timestamp":"2026-01-02 19:04:15"}
{"level":"error","message":"Email server connection failed:","service":"hotel-management-api","timestamp":"2026-01-02 19:04:19"}
{"level":"error","message":"Uncaught Exception: server is not defined","service":"hotel-management-api","stack":"ReferenceError: server is not defined\n    at gracefulShutdown (E:\\Compony_projects\\core\\backend\\server.js:13:3)\n    at process.<anonymous> (E:\\Compony_projects\\core\\backend\\server.js:24:28)\n    at process.emit (node:events:518:28)","timestamp":"2026-01-03 13:51:22"}
{"level":"error","message":"Email server connection failed:","service":"hotel-management-api","timestamp":"2026-01-03 13:51:33"}
{"level":"error","message":"Email server connection failed:","service":"hotel-management-api","timestamp":"2026-01-05 13:31:51"}
{"level":"error","message":"Uncaught Exception: server is not defined","service":"hotel-management-api","stack":"ReferenceError: server is not defined\n    at gracefulShutdown (E:\\Compony_projects\\core\\FullStack_application\\backend\\server.js:13:3)\n    at process.<anonymous> (E:\\Compony_projects\\core\\FullStack_application\\backend\\server.js:24:28)\n    at process.emit (node:events:518:28)","timestamp":"2026-01-05 14:06:15"}
{"level":"error","message":"Email server connection failed:","service":"hotel-management-api","timestamp":"2026-01-05 14:06:19"}
{"level":"error","message":"Uncaught Exception: server is not defined","service":"hotel-management-api","stack":"ReferenceError: server is not defined\n    at gracefulShutdown (E:\\Compony_projects\\core\\FullStack_application\\backend\\server.js:13:3)\n    at process.<anonymous> (E:\\Compony_projects\\core\\FullStack_application\\backend\\server.js:24:28)\n    at process.emit (node:events:518:28)","timestamp":"2026-01-05 14:12:51"}
{"level":"error","message":"Email server connection failed:","service":"hotel-management-api","timestamp":"2026-01-05 14:12:55"}
{"level":"error","message":"Uncaught Exception: server is not defined","service":"hotel-management-api","stack":"ReferenceError: server is not defined\n    at gracefulShutdown (E:\\Compony_projects\\core\\FullStack_application\\backend\\server.js:13:3)\n    at process.<anonymous> (E:\\Compony_projects\\core\\FullStack_application\\backend\\server.js:24:28)\n    at process.emit (node:events:518:28)","timestamp":"2026-01-05 14:21:13"}
{"level":"error","message":"Email server connection failed:","service":"hotel-management-api","timestamp":"2026-01-05 14:21:18"}
{"level":"error","message":"Uncaught Exception: server is not defined","service":"hotel-management-api","stack":"ReferenceError: server is not defined\n    at gracefulShutdown (E:\\Compony_projects\\core\\FullStack_application\\backend\\server.js:13:3)\n    at process.<anonymous> (E:\\Compony_projects\\core\\FullStack_application\\backend\\server.js:24:28)\n    at process.emit (node:events:518:28)","timestamp":"2026-01-05 16:28:19"}
{"level":"error","message":"Email server connection failed:","service":"hotel-management-api","timestamp":"2026-01-05 16:28:24"}
{"level":"error","message":"Uncaught Exception: server is not defined","service":"hotel-management-api","stack":"ReferenceError: server is not defined\n    at gracefulShutdown (E:\\Compony_projects\\core\\FullStack_application\\backend\\server.js:13:3)\n    at process.<anonymous> (E:\\Compony_projects\\core\\FullStack_application\\backend\\server.js:24:28)\n    at process.emit (node:events:518:28)","timestamp":"2026-01-06 13:03:36"}
{"level":"error","message":"Email server connection failed:","service":"hotel-management-api","timestamp":"2026-01-06 13:03:46"}
{"level":"error","message":"Uncaught Exception: server is not defined","service":"hotel-management-api","stack":"ReferenceError: server is not defined\n    at gracefulShutdown (E:\\Compony_projects\\core\\FullStack_application\\backend\\server.js:13:3)\n    at process.<anonymous> (E:\\Compony_projects\\core\\FullStack_application\\backend\\server.js:24:28)\n    at process.emit (node:events:518:28)","timestamp":"2026-01-06 15:04:10"}
{"level":"error","message":"Email server connection failed:","service":"hotel-management-api","timestamp":"2026-01-06 15:04:15"}
{"level":"error","message":"Uncaught Exception: server is not defined","service":"hotel-management-api","stack":"ReferenceError: server is not defined\n    at gracefulShutdown (E:\\Compony_projects\\core\\FullStack_application\\backend\\server.js:13:3)\n    at process.<anonymous> (E:\\Compony_projects\\core\\FullStack_application\\backend\\server.js:24:28)\n    at process.emit (node:events:518:28)","timestamp":"2026-01-06 15:08:32"}
{"level":"error","message":"Email server connection failed:","service":"hotel-management-api","timestamp":"2026-01-06 15:08:39"}
{"level":"error","message":"Uncaught Exception: server is not defined","service":"hotel-management-api","stack":"ReferenceError: server is not defined\n    at gracefulShutdown (E:\\Compony_projects\\core\\FullStack_application\\backend\\server.js:13:3)\n    at process.<anonymous> (E:\\Compony_projects\\core\\FullStack_application\\backend\\server.js:24:28)\n    at process.emit (node:events:518:28)","timestamp":"2026-01-06 15:16:35"}
{"level":"error","message":"Email server connection failed:","service":"hotel-management-api","timestamp":"2026-01-06 15:18:19"}
{"level":"error","message":"Uncaught Exception: server is not defined","service":"hotel-management-api","stack":"ReferenceError: server is not defined\n    at gracefulShutdown (E:\\Compony_projects\\core\\FullStack_application\\backend\\server.js:13:3)\n    at process.<anonymous> (E:\\Compony_projects\\core\\FullStack_application\\backend\\server.js:24:28)\n    at process.emit (node:events:518:28)","timestamp":"2026-01-06 15:46:47"}
{"level":"error","message":"Email server connection failed:","service":"hotel-management-api","timestamp":"2026-01-06 15:46:52"}
{"level":"error","message":"Uncaught Exception: server is not defined","service":"hotel-management-api","stack":"ReferenceError: server is not defined\n    at gracefulShutdown (E:\\Compony_projects\\core\\FullStack_application\\backend\\server.js:13:3)\n    at process.<anonymous> (E:\\Compony_projects\\core\\FullStack_application\\backend\\server.js:24:28)\n    at process.emit (node:events:518:28)","timestamp":"2026-01-06 16:08:09"}
{"level":"error","message":"Email server connection failed:","service":"hotel-management-api","timestamp":"2026-01-06 16:08:17"}
{"level":"error","message":"Uncaught Exception: server is not defined","service":"hotel-management-api","stack":"ReferenceError: server is not defined\n    at gracefulShutdown (E:\\Compony_projects\\core\\FullStack_application\\backend\\server.js:13:3)\n    at process.<anonymous> (E:\\Compony_projects\\core\\FullStack_application\\backend\\server.js:24:28)\n    at process.emit (node:events:518:28)","timestamp":"2026-01-06 18:14:28"}
{"level":"error","message":"Email server connection failed:","service":"hotel-management-api","timestamp":"2026-01-07 11:59:45"}
{"level":"error","message":"Uncaught Exception: server is not defined","service":"hotel-management-api","stack":"ReferenceError: server is not defined\n    at gracefulShutdown (E:\\Compony_projects\\core\\FullStack_application\\backend\\server.js:13:3)\n    at process.<anonymous> (E:\\Compony_projects\\core\\FullStack_application\\backend\\server.js:24:28)\n    at process.emit (node:events:518:28)","timestamp":"2026-01-07 17:19:27"}
{"level":"error","message":"Email server connection failed:","service":"hotel-management-api","timestamp":"2026-01-07 17:19:37"}
{"level":"error","message":"Uncaught Exception: server is not defined","service":"hotel-management-api","stack":"ReferenceError: server is not defined\n    at gracefulShutdown (E:\\Compony_projects\\core\\FullStack_application\\backend\\server.js:13:3)\n    at process.<anonymous> (E:\\Compony_projects\\core\\FullStack_application\\backend\\server.js:24:28)\n    at process.emit (node:events:518:28)","timestamp":"2026-01-07 17:21:17"}
{"level":"error","message":"Email server connection failed:","service":"hotel-management-api","timestamp":"2026-01-07 17:21:22"}
{"level":"error","message":"Uncaught Exception: server is not defined","service":"hotel-management-api","stack":"ReferenceError: server is not defined\n    at gracefulShutdown (E:\\Compony_projects\\core\\FullStack_application\\backend\\server.js:13:3)\n    at process.<anonymous> (E:\\Compony_projects\\core\\FullStack_application\\backend\\server.js:24:28)\n    at process.emit (node:events:518:28)","timestamp":"2026-01-07 17:38:15"}
{"level":"error","message":"Email server connection failed:","service":"hotel-management-api","timestamp":"2026-01-07 17:39:54"}
{"level":"error","message":"Uncaught Exception: server is not defined","service":"hotel-management-api","stack":"ReferenceError: server is not defined\n    at gracefulShutdown (E:\\Compony_projects\\core\\FullStack_application\\backend\\server.js:13:3)\n    at process.<anonymous> (E:\\Compony_projects\\core\\FullStack_application\\backend\\server.js:24:28)\n    at process.emit (node:events:518:28)","timestamp":"2026-01-07 17:45:29"}
{"level":"error","message":"Email server connection failed:","service":"hotel-management-api","timestamp":"2026-01-07 17:45:34"}
{"level":"error","message":"Uncaught Exception: server is not defined","service":"hotel-management-api","stack":"ReferenceError: server is not defined\n    at gracefulShutdown (E:\\Compony_projects\\core\\FullStack_application\\backend\\server.js:13:3)\n    at process.<anonymous> (E:\\Compony_projects\\core\\FullStack_application\\backend\\server.js:24:28)\n    at process.emit (node:events:518:28)","timestamp":"2026-01-07 17:46:43"}
{"level":"error","message":"Email server connection failed:","service":"hotel-management-api","timestamp":"2026-01-07 17:46:47"}
{"level":"error","message":"Uncaught Exception: server is not defined","service":"hotel-management-api","stack":"ReferenceError: server is not defined\n    at gracefulShutdown (E:\\Compony_projects\\core\\FullStack_application\\backend\\server.js:13:3)\n    at process.<anonymous> (E:\\Compony_projects\\core\\FullStack_application\\backend\\server.js:24:28)\n    at process.emit (node:events:518:28)","timestamp":"2026-01-07 19:08:35"}
{"level":"error","message":"Email server connection failed:","service":"hotel-management-api","timestamp":"2026-01-08 12:13:51"}
{"level":"error","message":"Uncaught Exception: server is not defined","service":"hotel-management-api","stack":"ReferenceError: server is not defined\n    at gracefulShutdown (E:\\Compony_projects\\core\\FullStack_application\\backend\\server.js:13:3)\n    at process.<anonymous> (E:\\Compony_projects\\core\\FullStack_application\\backend\\server.js:24:28)\n    at process.emit (node:events:518:28)","timestamp":"2026-01-08 14:04:55"}
{"level":"error","message":"Email server connection failed:","service":"hotel-management-api","timestamp":"2026-01-08 14:04:59"}
{"level":"error","message":"Uncaught Exception: server is not defined","service":"hotel-management-api","stack":"ReferenceError: server is not defined\n    at gracefulShutdown (E:\\Compony_projects\\core\\FullStack_application\\backend\\server.js:13:3)\n    at process.<anonymous> (E:\\Compony_projects\\core\\FullStack_application\\backend\\server.js:24:28)\n    at process.emit (node:events:518:28)","timestamp":"2026-01-08 14:40:53"}
{"level":"error","message":"Email server connection failed:","service":"hotel-management-api","timestamp":"2026-01-08 14:40:58"}
{"level":"error","message":"Uncaught Exception: server is not defined","service":"hotel-management-api","stack":"ReferenceError: server is not defined\n    at gracefulShutdown (E:\\Compony_projects\\core\\FullStack_application\\backend\\server.js:13:3)\n    at process.<anonymous> (E:\\Compony_projects\\core\\FullStack_application\\backend\\server.js:24:28)\n    at process.emit (node:events:518:28)","timestamp":"2026-01-08 16:23:54"}
{"level":"error","message":"Email server connection failed:","service":"hotel-management-api","timestamp":"2026-01-08 16:23:59"}
{"level":"error","message":"Uncaught Exception: server is not defined","service":"hotel-management-api","stack":"ReferenceError: server is not defined\n    at gracefulShutdown (E:\\Compony_projects\\core\\FullStack_application\\backend\\server.js:13:3)\n    at process.<anonymous> (E:\\Compony_projects\\core\\FullStack_application\\backend\\server.js:24:28)\n    at process.emit (node:events:518:28)","timestamp":"2026-01-08 16:45:25"}
{"level":"error","message":"Email server connection failed:","service":"hotel-management-api","timestamp":"2026-01-08 16:45:29"}
{"level":"error","message":"Uncaught Exception: server is not defined","service":"hotel-management-api","stack":"ReferenceError: server is not defined\n    at gracefulShutdown (E:\\Compony_projects\\core\\FullStack_application\\backend\\server.js:13:3)\n    at process.<anonymous> (E:\\Compony_projects\\core\\FullStack_application\\backend\\server.js:24:28)\n    at process.emit (node:events:518:28)","timestamp":"2026-01-08 16:47:57"}
{"level":"error","message":"Email server connection failed:","service":"hotel-management-api","timestamp":"2026-01-08 16:48:02"}
{"level":"error","message":"Uncaught Exception: server is not defined","service":"hotel-management-api","stack":"ReferenceError: server is not defined\n    at gracefulShutdown (E:\\Compony_projects\\core\\FullStack_application\\backend\\server.js:13:3)\n    at process.<anonymous> (E:\\Compony_projects\\core\\FullStack_application\\backend\\server.js:24:28)\n    at process.emit (node:events:518:28)","timestamp":"2026-01-08 17:24:19"}
{"level":"error","message":"Email server connection failed:","service":"hotel-management-api","timestamp":"2026-01-08 17:24:25"}
{"level":"error","message":"Uncaught Exception: server is not defined","service":"hotel-management-api","stack":"ReferenceError: server is not defined\n    at gracefulShutdown (E:\\Compony_projects\\core\\FullStack_application\\backend\\server.js:13:3)\n    at process.<anonymous> (E:\\Compony_projects\\core\\FullStack_application\\backend\\server.js:24:28)\n    at process.emit (node:events:518:28)","timestamp":"2026-01-08 17:25:20"}
{"level":"error","message":"Email server connection failed:","service":"hotel-management-api","timestamp":"2026-01-08 17:25:53"}
{"level":"error","message":"Uncaught Exception: server is not defined","service":"hotel-management-api","stack":"ReferenceError: server is not defined\n    at gracefulShutdown (E:\\Compony_projects\\core\\FullStack_application\\backend\\server.js:13:3)\n    at process.<anonymous> (E:\\Compony_projects\\core\\FullStack_application\\backend\\server.js:24:28)\n    at process.emit (node:events:518:28)","timestamp":"2026-01-08 18:24:12"}
{"level":"error","message":"Email server connection failed:","service":"hotel-management-api","timestamp":"2026-01-08 18:24:17"}
{"level":"error","message":"Uncaught Exception: server is not defined","service":"hotel-management-api","stack":"ReferenceError: server is not defined\n    at gracefulShutdown (E:\\Compony_projects\\core\\FullStack_application\\backend\\server.js:13:3)\n    at process.<anonymous> (E:\\Compony_projects\\core\\FullStack_application\\backend\\server.js:24:28)\n    at process.emit (node:events:518:28)","timestamp":"2026-01-08 18:30:27"}
{"level":"error","message":"Email server connection failed:","service":"hotel-management-api","timestamp":"2026-01-08 18:30:32"}
{"level":"error","message":"Email server connection failed:","service":"hotel-management-api","timestamp":"2026-01-08 18:40:32"}
{"level":"error","message":"Uncaught Exception: server is not defined","service":"hotel-management-api","stack":"ReferenceError: server is not defined\n    at gracefulShutdown (E:\\Compony_projects\\core\\FullStack_application\\backend\\server.js:13:3)\n    at process.<anonymous> (E:\\Compony_projects\\core\\FullStack_application\\backend\\server.js:24:28)\n    at process.emit (node:events:518:28)","timestamp":"2026-01-08 18:55:19"}
{"level":"error","message":"Email server connection failed:","service":"hotel-management-api","timestamp":"2026-01-08 18:55:24"}
{"level":"error","message":"Uncaught Exception: server is not defined","service":"hotel-management-api","stack":"ReferenceError: server is not defined\n    at gracefulShutdown (E:\\Compony_projects\\core\\FullStack_application\\backend\\server.js:13:3)\n    at process.<anonymous> (E:\\Compony_projects\\core\\FullStack_application\\backend\\server.js:24:28)\n    at process.emit (node:events:518:28)","timestamp":"2026-01-08 19:06:08"}
{"level":"error","message":"Email server connection failed:","service":"hotel-management-api","timestamp":"2026-01-08 19:06:38"}
{"level":"error","message":"Uncaught Exception: server is not defined","service":"hotel-management-api","stack":"ReferenceError: server is not defined\n    at gracefulShutdown (E:\\Compony_projects\\core\\FullStack_application\\backend\\server.js:13:3)\n    at process.<anonymous> (E:\\Compony_projects\\core\\FullStack_application\\backend\\server.js:24:28)\n    at process.emit (node:events:518:28)","timestamp":"2026-01-09 12:43:31"}
{"level":"error","message":"Email server connection failed:","service":"hotel-management-api","timestamp":"2026-01-09 12:45:20"}
{"level":"error","message":"Uncaught Exception: server is not defined","service":"hotel-management-api","stack":"ReferenceError: server is not defined\n    at gracefulShutdown (E:\\Compony_projects\\core\\FullStack_application\\backend\\server.js:13:3)\n    at process.<anonymous> (E:\\Compony_projects\\core\\FullStack_application\\backend\\server.js:24:28)\n    at process.emit (node:events:518:28)","timestamp":"2026-01-09 12:45:35"}
{"level":"error","message":"Email server connection failed:","service":"hotel-management-api","timestamp":"2026-01-09 12:47:23"}
{"level":"error","message":"Uncaught Exception: server is not defined","service":"hotel-management-api","stack":"ReferenceError: server is not defined\n    at gracefulShutdown (E:\\Compony_projects\\core\\FullStack_application\\backend\\server.js:13:3)\n    at process.<anonymous> (E:\\Compony_projects\\core\\FullStack_application\\backend\\server.js:24:28)\n    at process.emit (node:events:518:28)","timestamp":"2026-01-09 12:47:45"}
{"level":"error","message":"Email server connection failed:","service":"hotel-management-api","timestamp":"2026-01-09 12:52:57"}
{"level":"error","message":"Uncaught Exception: server is not defined","service":"hotel-management-api","stack":"ReferenceError: server is not defined\n    at gracefulShutdown (E:\\Compony_projects\\core\\FullStack_application\\backend\\server.js:13:3)\n    at process.<anonymous> (E:\\Compony_projects\\core\\FullStack_application\\backend\\server.js:24:28)\n    at process.emit (node:events:518:28)","timestamp":"2026-01-09 12:54:05"}
{"level":"error","message":"Email server connection failed:","service":"hotel-management-api","timestamp":"2026-01-09 12:54:38"}
{"level":"error","message":"Uncaught Exception: server is not defined","service":"hotel-management-api","stack":"ReferenceError: server is not defined\n    at gracefulShutdown (E:\\Compony_projects\\core\\FullStack_application\\backend\\server.js:13:3)\n    at process.<anonymous> (E:\\Compony_projects\\core\\FullStack_application\\backend\\server.js:24:28)\n    at process.emit (node:events:518:28)","timestamp":"2026-01-09 12:54:48"}
{"level":"error","message":"Email server connection failed:","service":"hotel-management-api","timestamp":"2026-01-09 12:58:32"}
{"level":"error","message":"Uncaught Exception: server is not defined","service":"hotel-management-api","stack":"ReferenceError: server is not defined\n    at gracefulShutdown (E:\\Compony_projects\\core\\FullStack_application\\backend\\server.js:13:3)\n    at process.<anonymous> (E:\\Compony_projects\\core\\FullStack_application\\backend\\server.js:24:28)\n    at process.emit (node:events:518:28)","timestamp":"2026-01-09 13:02:26"}
{"level":"error","message":"Email server connection failed:","service":"hotel-management-api","timestamp":"2026-01-09 13:12:06"}
{"level":"error","message":"Uncaught Exception: server is not defined","service":"hotel-management-api","stack":"ReferenceError: server is not defined\n    at gracefulShutdown (E:\\Compony_projects\\core\\FullStack_application\\backend\\server.js:13:3)\n    at process.<anonymous> (E:\\Compony_projects\\core\\FullStack_application\\backend\\server.js:24:28)\n    at process.emit (node:events:518:28)","timestamp":"2026-01-09 13:14:02"}
{"level":"error","message":"Email server connection failed:","service":"hotel-management-api","timestamp":"2026-01-09 13:14:06"}
{"level":"error","message":"Uncaught Exception: server is not defined","service":"hotel-management-api","stack":"ReferenceError: server is not defined\n    at gracefulShutdown (E:\\Compony_projects\\core\\FullStack_application\\backend\\server.js:13:3)\n    at process.<anonymous> (E:\\Compony_projects\\core\\FullStack_application\\backend\\server.js:24:28)\n    at process.emit (node:events:518:28)","timestamp":"2026-01-09 13:14:26"}
{"level":"error","message":"Email server connection failed:","service":"hotel-management-api","timestamp":"2026-01-09 13:14:45"}
{"level":"error","message":"Uncaught Exception: server is not defined","service":"hotel-management-api","stack":"ReferenceError: server is not defined\n    at gracefulShutdown (E:\\Compony_projects\\core\\FullStack_application\\backend\\server.js:13:3)\n    at process.<anonymous> (E:\\Compony_projects\\core\\FullStack_application\\backend\\server.js:24:28)\n    at process.emit (node:events:518:28)","timestamp":"2026-01-09 16:04:07"}
{"level":"error","message":"Email server connection failed:","service":"hotel-management-api","timestamp":"2026-01-09 16:05:42"}
{"level":"error","message":"Uncaught Exception: server is not defined","service":"hotel-management-api","stack":"ReferenceError: server is not defined\n    at gracefulShutdown (E:\\Compony_projects\\core\\FullStack_application\\backend\\server.js:13:3)\n    at process.<anonymous> (E:\\Compony_projects\\core\\FullStack_application\\backend\\server.js:24:28)\n    at process.emit (node:events:518:28)","timestamp":"2026-01-09 16:06:12"}
{"level":"error","message":"Email server connection failed:","service":"hotel-management-api","timestamp":"2026-01-09 16:12:56"}
{"level":"error","message":"Uncaught Exception: server is not defined","service":"hotel-management-api","stack":"ReferenceError: server is not defined\n    at gracefulShutdown (E:\\Compony_projects\\core\\FullStack_application\\backend\\server.js:13:3)\n    at process.<anonymous> (E:\\Compony_projects\\core\\FullStack_application\\backend\\server.js:24:28)\n    at process.emit (node:events:518:28)","timestamp":"2026-01-09 16:13:09"}
{"level":"error","message":"Email server connection failed:","service":"hotel-management-api","timestamp":"2026-01-09 16:17:21"}
{"level":"error","message":"Uncaught Exception: server is not defined","service":"hotel-management-api","stack":"ReferenceError: server is not defined\n    at gracefulShutdown (E:\\Compony_projects\\core\\FullStack_application\\backend\\server.js:13:3)\n    at process.<anonymous> (E:\\Compony_projects\\core\\FullStack_application\\backend\\server.js:24:28)\n    at process.emit (node:events:518:28)","timestamp":"2026-01-09 16:18:00"}
{"level":"error","message":"Email server connection failed:","service":"hotel-management-api","timestamp":"2026-01-09 16:18:29"}
{"level":"error","message":"Uncaught Exception: server is not defined","service":"hotel-management-api","stack":"ReferenceError: server is not defined\n    at gracefulShutdown (E:\\Compony_projects\\core\\FullStack_application\\backend\\server.js:13:3)\n    at process.<anonymous> (E:\\Compony_projects\\core\\FullStack_application\\backend\\server.js:24:28)\n    at process.emit (node:events:518:28)","timestamp":"2026-01-09 16:20:16"}
{"level":"error","message":"Email server connection failed:","service":"hotel-management-api","timestamp":"2026-01-09 16:30:20"}
{"level":"error","message":"Uncaught Exception: server is not defined","service":"hotel-management-api","stack":"ReferenceError: server is not defined\n    at gracefulShutdown (E:\\Compony_projects\\core\\FullStack_application\\backend\\server.js:13:3)\n    at process.<anonymous> (E:\\Compony_projects\\core\\FullStack_application\\backend\\server.js:24:28)\n    at process.emit (node:events:518:28)","timestamp":"2026-01-09 16:43:31"}
{"level":"error","message":"Email server connection failed:","service":"hotel-management-api","timestamp":"2026-01-09 16:54:05"}
{"level":"error","message":"Uncaught Exception: server is not defined","service":"hotel-management-api","stack":"ReferenceError: server is not defined\n    at gracefulShutdown (E:\\Compony_projects\\core\\FullStack_application\\backend\\server.js:13:3)\n    at process.<anonymous> (E:\\Compony_projects\\core\\FullStack_application\\backend\\server.js:24:28)\n    at process.emit (node:events:518:28)","timestamp":"2026-01-09 16:54:59"}
{"level":"error","message":"Email server connection failed:","service":"hotel-management-api","timestamp":"2026-01-09 16:58:03"}
{"level":"error","message":"Uncaught Exception: server is not defined","service":"hotel-management-api","stack":"ReferenceError: server is not defined\n    at gracefulShutdown (E:\\Compony_projects\\core\\FullStack_application\\backend\\server.js:13:3)\n    at process.<anonymous> (E:\\Compony_projects\\core\\FullStack_application\\backend\\server.js:24:28)\n    at process.emit (node:events:518:28)","timestamp":"2026-01-09 16:58:34"}
{"level":"error","message":"Email server connection failed:","service":"hotel-management-api","timestamp":"2026-01-09 17:04:12"}
{"level":"error","message":"Uncaught Exception: server is not defined","service":"hotel-management-api","stack":"ReferenceError: server is not defined\n    at gracefulShutdown (E:\\Compony_projects\\core\\FullStack_application\\backend\\server.js:13:3)\n    at process.<anonymous> (E:\\Compony_projects\\core\\FullStack_application\\backend\\server.js:24:28)\n    at process.emit (node:events:518:28)","timestamp":"2026-01-09 17:04:35"}
{"level":"error","message":"Email server connection failed:","service":"hotel-management-api","timestamp":"2026-01-09 17:08:34"}
{"level":"error","message":"Uncaught Exception: server is not defined","service":"hotel-management-api","stack":"ReferenceError: server is not defined\n    at gracefulShutdown (E:\\Compony_projects\\core\\FullStack_application\\backend\\server.js:13:3)\n    at process.<anonymous> (E:\\Compony_projects\\core\\FullStack_application\\backend\\server.js:24:28)\n    at process.emit (node:events:518:28)","timestamp":"2026-01-09 17:08:52"}
{"level":"error","message":"Email server connection failed:","service":"hotel-management-api","timestamp":"2026-01-09 17:09:11"}
{"level":"error","message":"Uncaught Exception: server is not defined","service":"hotel-management-api","stack":"ReferenceError: server is not defined\n    at gracefulShutdown (E:\\Compony_projects\\core\\FullStack_application\\backend\\server.js:13:3)\n    at process.<anonymous> (E:\\Compony_projects\\core\\FullStack_application\\backend\\server.js:24:28)\n    at process.emit (node:events:518:28)","timestamp":"2026-01-09 17:09:15"}
{"level":"error","message":"Email server connection failed:","service":"hotel-management-api","timestamp":"2026-01-09 17:09:25"}
{"level":"error","message":"Uncaught Exception: server is not defined","service":"hotel-management-api","stack":"ReferenceError: server is not defined\n    at gracefulShutdown (E:\\Compony_projects\\core\\FullStack_application\\backend\\server.js:13:3)\n    at process.<anonymous> (E:\\Compony_projects\\core\\FullStack_application\\backend\\server.js:24:28)\n    at process.emit (node:events:518:28)","timestamp":"2026-01-09 17:09:29"}
{"level":"error","message":"Email server connection failed:","service":"hotel-management-api","timestamp":"2026-01-09 17:09:39"}
{"level":"error","message":"Uncaught Exception: server is not defined","service":"hotel-management-api","stack":"ReferenceError: server is not defined\n    at gracefulShutdown (E:\\Compony_projects\\core\\FullStack_application\\backend\\server.js:13:3)\n    at process.<anonymous> (E:\\Compony_projects\\core\\FullStack_application\\backend\\server.js:24:28)\n    at process.emit (node:events:518:28)","timestamp":"2026-01-09 17:09:42"}
{"level":"error","message":"Email server connection failed:","service":"hotel-management-api","timestamp":"2026-01-09 17:14:02"}
{"level":"error","message":"Uncaught Exception: server is not defined","service":"hotel-management-api","stack":"ReferenceError: server is not defined\n    at gracefulShutdown (E:\\Compony_projects\\core\\FullStack_application\\backend\\server.js:13:3)\n    at process.<anonymous> (E:\\Compony_projects\\core\\FullStack_application\\backend\\server.js:24:28)\n    at process.emit (node:events:518:28)","timestamp":"2026-01-09 17:14:20"}
{"level":"error","message":"Email server connection failed:","service":"hotel-management-api","timestamp":"2026-01-09 17:15:01"}
{"level":"error","message":"Uncaught Exception: server is not defined","service":"hotel-management-api","stack":"ReferenceError: server is not defined\n    at gracefulShutdown (E:\\Compony_projects\\core\\FullStack_application\\backend\\server.js:13:3)\n    at process.<anonymous> (E:\\Compony_projects\\core\\FullStack_application\\backend\\server.js:24:28)\n    at process.emit (node:events:518:28)","timestamp":"2026-01-09 17:15:55"}
{"level":"error","message":"Email server connection failed:","service":"hotel-management-api","timestamp":"2026-01-09 17:17:56"}
{"level":"error","message":"Uncaught Exception: server is not defined","service":"hotel-management-api","stack":"ReferenceError: server is not defined\n    at gracefulShutdown (E:\\Compony_projects\\core\\FullStack_application\\backend\\server.js:13:3)\n    at process.<anonymous> (E:\\Compony_projects\\core\\FullStack_application\\backend\\server.js:24:28)\n    at process.emit (node:events:518:28)","timestamp":"2026-01-09 17:28:34"}
{"level":"error","message":"Email server connection failed:","service":"hotel-management-api","timestamp":"2026-01-09 17:31:55"}
{"level":"error","message":"Uncaught Exception: server is not defined","service":"hotel-management-api","stack":"ReferenceError: server is not defined\n    at gracefulShutdown (E:\\Compony_projects\\core\\FullStack_application\\backend\\server.js:13:3)\n    at process.<anonymous> (E:\\Compony_projects\\core\\FullStack_application\\backend\\server.js:24:28)\n    at process.emit (node:events:518:28)","timestamp":"2026-01-09 17:32:19"}
{"level":"error","message":"Email server connection failed:","service":"hotel-management-api","timestamp":"2026-01-09 17:34:28"}
{"level":"error","message":"Uncaught Exception: server is not defined","service":"hotel-management-api","stack":"ReferenceError: server is not defined\n    at gracefulShutdown (E:\\Compony_projects\\core\\FullStack_application\\backend\\server.js:13:3)\n    at process.<anonymous> (E:\\Compony_projects\\core\\FullStack_application\\backend\\server.js:24:28)\n    at process.emit (node:events:518:28)","timestamp":"2026-01-09 17:35:03"}
{"level":"error","message":"Email server connection failed:","service":"hotel-management-api","timestamp":"2026-01-09 17:37:11"}
{"level":"error","message":"Uncaught Exception: server is not defined","service":"hotel-management-api","stack":"ReferenceError: server is not defined\n    at gracefulShutdown (E:\\Compony_projects\\core\\FullStack_application\\backend\\server.js:13:3)\n    at process.<anonymous> (E:\\Compony_projects\\core\\FullStack_application\\backend\\server.js:24:28)\n    at process.emit (node:events:518:28)","timestamp":"2026-01-09 17:37:18"}
{"level":"error","message":"Email server connection failed:","service":"hotel-management-api","timestamp":"2026-01-09 17:50:56"}
{"level":"error","message":"Uncaught Exception: server is not defined","service":"hotel-management-api","stack":"ReferenceError: server is not defined\n    at gracefulShutdown (E:\\Compony_projects\\core\\FullStack_application\\backend\\server.js:13:3)\n    at process.<anonymous> (E:\\Compony_projects\\core\\FullStack_application\\backend\\server.js:24:28)\n    at process.emit (node:events:518:28)","timestamp":"2026-01-09 17:51:32"}
{"level":"error","message":"Email server connection failed:","service":"hotel-management-api","timestamp":"2026-01-09 17:55:15"}
{"level":"error","message":"Uncaught Exception: server is not defined","service":"hotel-management-api","stack":"ReferenceError: server is not defined\n    at gracefulShutdown (E:\\Compony_projects\\core\\FullStack_application\\backend\\server.js:13:3)\n    at process.<anonymous> (E:\\Compony_projects\\core\\FullStack_application\\backend\\server.js:24:28)\n    at process.emit (node:events:518:28)","timestamp":"2026-01-09 17:55:39"}
{"level":"error","message":"Email server connection failed:","service":"hotel-management-api","timestamp":"2026-01-09 17:58:34"}
{"level":"error","message":"Uncaught Exception: server is not defined","service":"hotel-management-api","stack":"ReferenceError: server is not defined\n    at gracefulShutdown (E:\\Compony_projects\\core\\FullStack_application\\backend\\server.js:13:3)\n    at process.<anonymous> (E:\\Compony_projects\\core\\FullStack_application\\backend\\server.js:24:28)\n    at process.emit (node:events:518:28)","timestamp":"2026-01-09 17:59:24"}
{"level":"error","message":"Email server connection failed:","service":"hotel-management-api","timestamp":"2026-01-09 18:02:00"}
{"level":"error","message":"Uncaught Exception: server is not defined","service":"hotel-management-api","stack":"ReferenceError: server is not defined\n    at gracefulShutdown (E:\\Compony_projects\\core\\FullStack_application\\backend\\server.js:13:3)\n    at process.<anonymous> (E:\\Compony_projects\\core\\FullStack_application\\backend\\server.js:24:28)\n    at process.emit (node:events:518:28)","timestamp":"2026-01-09 18:22:47"}
{"level":"error","message":"Email server connection failed:","service":"hotel-management-api","timestamp":"2026-01-09 18:22:52"}
{"level":"error","message":"Uncaught Exception: server is not defined","service":"hotel-management-api","stack":"ReferenceError: server is not defined\n    at gracefulShutdown (E:\\Compony_projects\\core\\FullStack_application\\backend\\server.js:13:3)\n    at process.<anonymous> (E:\\Compony_projects\\core\\FullStack_application\\backend\\server.js:24:28)\n    at process.emit (node:events:518:28)","timestamp":"2026-01-09 18:30:17"}
{"level":"error","message":"Email server connection failed:","service":"hotel-management-api","timestamp":"2026-01-09 18:30:23"}
{"level":"error","message":"Uncaught Exception: server is not defined","service":"hotel-management-api","stack":"ReferenceError: server is not defined\n    at gracefulShutdown (E:\\Compony_projects\\core\\FullStack_application\\backend\\server.js:13:3)\n    at process.<anonymous> (E:\\Compony_projects\\core\\FullStack_application\\backend\\server.js:24:28)\n    at process.emit (node:events:518:28)","timestamp":"2026-01-09 18:38:41"}
{"level":"error","message":"Email server connection failed:","service":"hotel-management-api","timestamp":"2026-01-09 18:38:45"}
{"level":"error","message":"Uncaught Exception: server is not defined","service":"hotel-management-api","stack":"ReferenceError: server is not defined\n    at gracefulShutdown (E:\\Compony_projects\\core\\FullStack_application\\backend\\server.js:13:3)\n    at process.<anonymous> (E:\\Compony_projects\\core\\FullStack_application\\backend\\server.js:24:28)\n    at process.emit (node:events:518:28)","timestamp":"2026-01-09 18:57:27"}
{"level":"error","message":"Email server connection failed:","service":"hotel-management-api","timestamp":"2026-01-09 18:57:31"}
{"level":"error","message":"Uncaught Exception: server is not defined","service":"hotel-management-api","stack":"ReferenceError: server is not defined\n    at gracefulShutdown (E:\\Compony_projects\\core\\FullStack_application\\backend\\server.js:13:3)\n    at process.<anonymous> (E:\\Compony_projects\\core\\FullStack_application\\backend\\server.js:24:28)\n    at process.emit (node:events:518:28)","timestamp":"2026-01-09 19:15:24"}
{"level":"error","message":"Email server connection failed:","service":"hotel-management-api","timestamp":"2026-01-09 19:15:29"}
{"level":"error","message":"Uncaught Exception: server is not defined","service":"hotel-management-api","stack":"ReferenceError: server is not defined\n    at gracefulShutdown (E:\\Compony_projects\\core\\FullStack_application\\backend\\server.js:13:3)\n    at process.<anonymous> (E:\\Compony_projects\\core\\FullStack_application\\backend\\server.js:24:28)\n    at process.emit (node:events:518:28)","timestamp":"2026-01-09 19:18:03"}
{"level":"error","message":"Email server connection failed:","service":"hotel-management-api","timestamp":"2026-01-09 19:18:08"}
{"level":"error","message":"Uncaught Exception: server is not defined","service":"hotel-management-api","stack":"ReferenceError: server is not defined\n    at gracefulShutdown (E:\\Compony_projects\\core\\FullStack_application\\backend\\server.js:13:3)\n    at process.<anonymous> (E:\\Compony_projects\\core\\FullStack_application\\backend\\server.js:24:28)\n    at process.emit (node:events:518:28)","timestamp":"2026-01-09 19:29:49"}
{"level":"error","message":"Email server connection failed:","service":"hotel-management-api","timestamp":"2026-01-10 13:24:07"}
{"level":"error","message":"Uncaught Exception: server is not defined","service":"hotel-management-api","stack":"ReferenceError: server is not defined\n    at gracefulShutdown (E:\\Compony_projects\\core\\FullStack_application\\backend\\server.js:13:3)\n    at process.<anonymous> (E:\\Compony_projects\\core\\FullStack_application\\backend\\server.js:24:28)\n    at process.emit (node:events:518:28)","timestamp":"2026-01-10 14:00:23"}
{"level":"error","message":"Email server connection failed:","service":"hotel-management-api","timestamp":"2026-01-10 14:00:28"}
{"level":"error","message":"Uncaught Exception: server is not defined","service":"hotel-management-api","stack":"ReferenceError: server is not defined\n    at gracefulShutdown (E:\\Compony_projects\\core\\FullStack_application\\backend\\server.js:13:3)\n    at process.<anonymous> (E:\\Compony_projects\\core\\FullStack_application\\backend\\server.js:24:28)\n    at process.emit (node:events:518:28)","timestamp":"2026-01-10 14:07:22"}
{"level":"error","message":"Email server connection failed:","service":"hotel-management-api","timestamp":"2026-01-10 14:07:26"}
{"level":"error","message":"Uncaught Exception: server is not defined","service":"hotel-management-api","stack":"ReferenceError: server is not defined\n    at gracefulShutdown (E:\\Compony_projects\\core\\FullStack_application\\backend\\server.js:13:3)\n    at process.<anonymous> (E:\\Compony_projects\\core\\FullStack_application\\backend\\server.js:24:28)\n    at process.emit (node:events:518:28)","timestamp":"2026-01-10 14:13:13"}
{"level":"error","message":"Email server connection failed:","service":"hotel-management-api","timestamp":"2026-01-10 14:13:17"}
{"level":"error","message":"Uncaught Exception: server is not defined","service":"hotel-management-api","stack":"ReferenceError: server is not defined\n    at gracefulShutdown (E:\\Compony_projects\\core\\FullStack_application\\backend\\server.js:13:3)\n    at process.<anonymous> (E:\\Compony_projects\\core\\FullStack_application\\backend\\server.js:24:28)\n    at process.emit (node:events:518:28)","timestamp":"2026-01-10 14:23:28"}
{"level":"error","message":"Email server connection failed:","service":"hotel-management-api","timestamp":"2026-01-10 14:23:32"}
{"level":"error","message":"Uncaught Exception: server is not defined","service":"hotel-management-api","stack":"ReferenceError: server is not defined\n    at gracefulShutdown (E:\\Compony_projects\\core\\FullStack_application\\backend\\server.js:13:3)\n    at process.<anonymous> (E:\\Compony_projects\\core\\FullStack_application\\backend\\server.js:24:28)\n    at process.emit (node:events:518:28)","timestamp":"2026-01-10 16:33:19"}
{"level":"error","message":"Email server connection failed:","service":"hotel-management-api","timestamp":"2026-01-13 16:30:32"}
{"level":"error","message":"Uncaught Exception: server is not defined","service":"hotel-management-api","stack":"ReferenceError: server is not defined\n    at gracefulShutdown (E:\\Compony_projects\\core\\FullStack_application\\backend\\server.js:13:3)\n    at process.<anonymous> (E:\\Compony_projects\\core\\FullStack_application\\backend\\server.js:24:28)\n    at process.emit (node:events:518:28)","timestamp":"2026-01-13 18:15:15"}
{"level":"error","message":"Email server connection failed:","service":"hotel-management-api","timestamp":"2026-01-13 18:16:29"}
{"level":"error","message":"Uncaught Exception: server is not defined","service":"hotel-management-api","stack":"ReferenceError: server is not defined\n    at gracefulShutdown (E:\\Compony_projects\\Srushti_Jungle_Safari\\backend\\server.js:13:3)\n    at process.<anonymous> (E:\\Compony_projects\\Srushti_Jungle_Safari\\backend\\server.js:24:28)\n    at process.emit (node:events:518:28)","timestamp":"2026-01-13 18:32:24"}
{"level":"error","message":"Email server connection failed:","service":"hotel-management-api","timestamp":"2026-01-13 18:32:28"}
{"level":"error","message":"Uncaught Exception: server is not defined","service":"hotel-management-api","stack":"ReferenceError: server is not defined\n    at gracefulShutdown (E:\\Compony_projects\\Srushti_Jungle_Safari\\backend\\server.js:13:3)\n    at process.<anonymous> (E:\\Compony_projects\\Srushti_Jungle_Safari\\backend\\server.js:24:28)\n    at process.emit (node:events:518:28)","timestamp":"2026-01-13 18:39:40"}
{"level":"error","message":"Email server connection failed:","service":"hotel-management-api","timestamp":"2026-01-13 18:39:45"}
{"level":"error","message":"Uncaught Exception: server is not defined","service":"hotel-management-api","stack":"ReferenceError: server is not defined\n    at gracefulShutdown (E:\\Compony_projects\\Srushti_Jungle_Safari\\backend\\server.js:13:3)\n    at process.<anonymous> (E:\\Compony_projects\\Srushti_Jungle_Safari\\backend\\server.js:24:28)\n    at process.emit (node:events:518:28)","timestamp":"2026-01-13 19:09:35"}
{"level":"error","message":"Email server connection failed:","service":"hotel-management-api","timestamp":"2026-01-14 13:40:31"}
{"level":"error","message":"Uncaught Exception: server is not defined","service":"hotel-management-api","stack":"ReferenceError: server is not defined\n    at gracefulShutdown (E:\\Compony_projects\\Srushti_Jungle_Safari\\backend\\server.js:13:3)\n    at process.<anonymous> (E:\\Compony_projects\\Srushti_Jungle_Safari\\backend\\server.js:24:28)\n    at process.emit (node:events:518:28)","timestamp":"2026-01-14 14:04:06"}
{"level":"error","message":"Email server connection failed:","service":"hotel-management-api","timestamp":"2026-01-14 14:04:11"}
{"level":"error","message":"Uncaught Exception: server is not defined","service":"hotel-management-api","stack":"ReferenceError: server is not defined\n    at gracefulShutdown (E:\\Compony_projects\\Srushti_Jungle_Safari\\backend\\server.js:13:3)\n    at process.<anonymous> (E:\\Compony_projects\\Srushti_Jungle_Safari\\backend\\server.js:24:28)\n    at process.emit (node:events:518:28)","timestamp":"2026-01-14 14:08:24"}
{"level":"error","message":"Email server connection failed:","service":"hotel-management-api","timestamp":"2026-01-14 14:08:28"}
{"level":"error","message":"Uncaught Exception: server is not defined","service":"hotel-management-api","stack":"ReferenceError: server is not defined\n    at gracefulShutdown (E:\\Compony_projects\\Srushti_Jungle_Safari\\backend\\server.js:13:3)\n    at process.<anonymous> (E:\\Compony_projects\\Srushti_Jungle_Safari\\backend\\server.js:24:28)\n    at process.emit (node:events:518:28)","timestamp":"2026-01-14 14:12:14"}
{"level":"error","message":"Email server connection failed:","service":"hotel-management-api","timestamp":"2026-01-14 14:12:18"}
{"level":"error","message":"Uncaught Exception: server is not defined","service":"hotel-management-api","stack":"ReferenceError: server is not defined\n    at gracefulShutdown (E:\\Compony_projects\\Srushti_Jungle_Safari\\backend\\server.js:13:3)\n    at process.<anonymous> (E:\\Compony_projects\\Srushti_Jungle_Safari\\backend\\server.js:24:28)\n    at process.emit (node:events:518:28)","timestamp":"2026-01-14 15:57:37"}
{"level":"error","message":"Email server connection failed:","service":"hotel-management-api","timestamp":"2026-01-14 15:58:07"}
{"level":"error","message":"Email server connection failed:","service":"hotel-management-api","timestamp":"2026-01-14 17:22:32"}
{"level":"error","message":"Uncaught Exception: server is not defined","service":"hotel-management-api","stack":"ReferenceError: server is not defined\n    at gracefulShutdown (E:\\Compony_projects\\Srushti_Jungle_Safari\\backend\\server.js:13:3)\n    at process.<anonymous> (E:\\Compony_projects\\Srushti_Jungle_Safari\\backend\\server.js:24:28)\n    at process.emit (node:events:518:28)","timestamp":"2026-01-15 14:40:23"}
{"level":"error","message":"Email server connection failed:","service":"hotel-management-api","timestamp":"2026-01-15 14:41:02"}
{"level":"error","message":"Email server connection failed:","service":"hotel-management-api","timestamp":"2026-01-15 17:52:45"}
{"level":"error","message":"Email server connection failed:","service":"hotel-management-api","timestamp":"2026-01-16 12:37:18"}
{"level":"error","message":"Uncaught Exception: server is not defined","service":"hotel-management-api","stack":"ReferenceError: server is not defined\n    at gracefulShutdown (E:\\Compony_projects\\Srushti_Jungle_Safari\\backend\\server.js:13:3)\n    at process.<anonymous> (E:\\Compony_projects\\Srushti_Jungle_Safari\\backend\\server.js:24:28)\n    at process.emit (node:events:518:28)","timestamp":"2026-01-16 12:42:46"}
{"level":"error","message":"Email server connection failed:","service":"hotel-management-api","timestamp":"2026-01-16 12:42:50"}
